{"C:\\Users\\saada\\Desktop\\warpnest\\time-off-service\\src\\balance\\balance.controller.ts": {"path":"C:\\Users\\saada\\Desktop\\warpnest\\time-off-service\\src\\balance\\balance.controller.ts","statementMap":{"0":{"start":{"line":1,"column":0},"end":{"line":1,"column":56}},"1":{"start":{"line":3,"column":0},"end":{"line":3,"column":51}},"2":{"start":{"line":6,"column":7},"end":{"line":23,"column":null}},"3":{"start":{"line":7,"column":31},"end":{"line":7,"column":47}},"4":{"start":{"line":14,"column":20},"end":{"line":14,"column":85}},"5":{"start":{"line":16,"column":4},"end":{"line":21,"column":6}},"6":{"start":{"line":6,"column":13},"end":{"line":6,"column":30}},"7":{"start":{"line":10,"column":8},"end":{"line":22,"column":null}},"8":{"start":{"line":6,"column":13},"end":{"line":23,"column":null}}},"fnMap":{"0":{"name":"(anonymous_4)","decl":{"start":{"line":7,"column":2},"end":{"line":7,"column":31}},"loc":{"start":{"line":7,"column":61},"end":{"line":7,"column":65}}},"1":{"name":"(anonymous_5)","decl":{"start":{"line":10,"column":8},"end":{"line":10,"column":18}},"loc":{"start":{"line":12,"column":43},"end":{"line":22,"column":3}}}},"branchMap":{},"s":{"0":0,"1":0,"2":0,"3":0,"4":0,"5":0,"6":0,"7":0,"8":0},"f":{"0":0,"1":0},"b":{}}
,"C:\\Users\\saada\\Desktop\\warpnest\\time-off-service\\src\\balance\\balance.entity.ts": {"path":"C:\\Users\\saada\\Desktop\\warpnest\\time-off-service\\src\\balance\\balance.entity.ts","statementMap":{"0":{"start":{"line":1,"column":0},"end":{"line":1,"column":null}},"1":{"start":{"line":11,"column":7},"end":{"line":29,"column":null}},"2":{"start":{"line":11,"column":13},"end":{"line":11,"column":20}},"3":{"start":{"line":13,"column":2},"end":{"line":13,"column":null}},"4":{"start":{"line":16,"column":2},"end":{"line":16,"column":null}},"5":{"start":{"line":19,"column":2},"end":{"line":19,"column":null}},"6":{"start":{"line":22,"column":2},"end":{"line":22,"column":null}},"7":{"start":{"line":25,"column":2},"end":{"line":25,"column":null}},"8":{"start":{"line":28,"column":2},"end":{"line":28,"column":null}},"9":{"start":{"line":11,"column":13},"end":{"line":29,"column":null}}},"fnMap":{},"branchMap":{},"s":{"0":3,"1":3,"2":3,"3":3,"4":3,"5":3,"6":3,"7":3,"8":3,"9":3},"f":{},"b":{}}
,"C:\\Users\\saada\\Desktop\\warpnest\\time-off-service\\src\\balance\\balance.service.ts": {"path":"C:\\Users\\saada\\Desktop\\warpnest\\time-off-service\\src\\balance\\balance.service.ts","statementMap":{"0":{"start":{"line":1,"column":0},"end":{"line":1,"column":null}},"1":{"start":{"line":7,"column":0},"end":{"line":7,"column":51}},"2":{"start":{"line":8,"column":0},"end":{"line":8,"column":49}},"3":{"start":{"line":9,"column":0},"end":{"line":9,"column":48}},"4":{"start":{"line":10,"column":0},"end":{"line":10,"column":43}},"5":{"start":{"line":12,"column":34},"end":{"line":12,"column":60}},"6":{"start":{"line":13,"column":34},"end":{"line":13,"column":68}},"7":{"start":{"line":14,"column":43},"end":{"line":14,"column":71}},"8":{"start":{"line":17,"column":7},"end":{"line":168,"column":null}},"9":{"start":{"line":20,"column":21},"end":{"line":20,"column":40}},"10":{"start":{"line":21,"column":21},"end":{"line":21,"column":33}},"11":{"start":{"line":22,"column":21},"end":{"line":22,"column":33}},"12":{"start":{"line":29,"column":20},"end":{"line":31,"column":6}},"13":{"start":{"line":33,"column":4},"end":{"line":35,"column":5}},"14":{"start":{"line":34,"column":6},"end":{"line":34,"column":61}},"15":{"start":{"line":37,"column":4},"end":{"line":37,"column":42}},"16":{"start":{"line":48,"column":28},"end":{"line":50,"column":6}},"17":{"start":{"line":52,"column":4},"end":{"line":61,"column":5}},"18":{"start":{"line":53,"column":22},"end":{"line":58,"column":8}},"19":{"start":{"line":59,"column":27},"end":{"line":59,"column":69}},"20":{"start":{"line":60,"column":6},"end":{"line":60,"column":49}},"21":{"start":{"line":63,"column":4},"end":{"line":63,"column":41}},"22":{"start":{"line":64,"column":4},"end":{"line":64,"column":33}},"23":{"start":{"line":65,"column":25},"end":{"line":65,"column":75}},"24":{"start":{"line":66,"column":4},"end":{"line":66,"column":47}},"25":{"start":{"line":78,"column":24},"end":{"line":78,"column":59}},"26":{"start":{"line":79,"column":4},"end":{"line":79,"column":32}},"27":{"start":{"line":80,"column":4},"end":{"line":80,"column":41}},"28":{"start":{"line":82,"column":4},"end":{"line":126,"column":5}},"29":{"start":{"line":83,"column":29},"end":{"line":85,"column":8}},"30":{"start":{"line":87,"column":6},"end":{"line":89,"column":7}},"31":{"start":{"line":88,"column":8},"end":{"line":88,"column":63}},"32":{"start":{"line":91,"column":6},"end":{"line":93,"column":7}},"33":{"start":{"line":92,"column":8},"end":{"line":92,"column":74}},"34":{"start":{"line":95,"column":27},"end":{"line":105,"column":18}},"35":{"start":{"line":99,"column":31},"end":{"line":99,"column":56}},"36":{"start":{"line":100,"column":25},"end":{"line":100,"column":38}},"37":{"start":{"line":107,"column":6},"end":{"line":109,"column":7}},"38":{"start":{"line":108,"column":8},"end":{"line":108,"column":63}},"39":{"start":{"line":111,"column":29},"end":{"line":113,"column":8}},"40":{"start":{"line":115,"column":6},"end":{"line":117,"column":7}},"41":{"start":{"line":116,"column":8},"end":{"line":116,"column":63}},"42":{"start":{"line":119,"column":6},"end":{"line":119,"column":44}},"43":{"start":{"line":120,"column":6},"end":{"line":120,"column":51}},"44":{"start":{"line":122,"column":6},"end":{"line":122,"column":46}},"45":{"start":{"line":123,"column":6},"end":{"line":123,"column":18}},"46":{"start":{"line":125,"column":6},"end":{"line":125,"column":34}},"47":{"start":{"line":137,"column":27},"end":{"line":139,"column":6}},"48":{"start":{"line":141,"column":4},"end":{"line":143,"column":5}},"49":{"start":{"line":142,"column":6},"end":{"line":142,"column":61}},"50":{"start":{"line":145,"column":4},"end":{"line":145,"column":86}},"51":{"start":{"line":146,"column":4},"end":{"line":146,"column":32}},"52":{"start":{"line":148,"column":25},"end":{"line":148,"column":74}},"53":{"start":{"line":149,"column":4},"end":{"line":149,"column":47}},"54":{"start":{"line":156,"column":20},"end":{"line":156,"column":76}},"55":{"start":{"line":157,"column":4},"end":{"line":157,"column":63}},"56":{"start":{"line":161,"column":4},"end":{"line":161,"column":65}},"57":{"start":{"line":162,"column":4},"end":{"line":162,"column":19}},"58":{"start":{"line":166,"column":4},"end":{"line":166,"column":61}},"59":{"start":{"line":17,"column":13},"end":{"line":17,"column":27}},"60":{"start":{"line":17,"column":13},"end":{"line":168,"column":null}}},"fnMap":{"0":{"name":"(anonymous_4)","decl":{"start":{"line":18,"column":2},"end":{"line":18,"column":null}},"loc":{"start":{"line":22,"column":43},"end":{"line":23,"column":6}}},"1":{"name":"(anonymous_5)","decl":{"start":{"line":28,"column":2},"end":{"line":28,"column":7}},"loc":{"start":{"line":28,"column":62},"end":{"line":38,"column":3}}},"2":{"name":"(anonymous_6)","decl":{"start":{"line":43,"column":2},"end":{"line":43,"column":7}},"loc":{"start":{"line":46,"column":16},"end":{"line":67,"column":3}}},"3":{"name":"(anonymous_7)","decl":{"start":{"line":72,"column":2},"end":{"line":72,"column":7}},"loc":{"start":{"line":76,"column":24},"end":{"line":127,"column":3}}},"4":{"name":"(anonymous_8)","decl":{"start":{"line":99,"column":25},"end":{"line":99,"column":28}},"loc":{"start":{"line":99,"column":31},"end":{"line":99,"column":56}}},"5":{"name":"(anonymous_9)","decl":{"start":{"line":100,"column":19},"end":{"line":100,"column":22}},"loc":{"start":{"line":100,"column":25},"end":{"line":100,"column":38}}},"6":{"name":"(anonymous_10)","decl":{"start":{"line":132,"column":2},"end":{"line":132,"column":7}},"loc":{"start":{"line":135,"column":16},"end":{"line":150,"column":3}}},"7":{"name":"(anonymous_11)","decl":{"start":{"line":155,"column":2},"end":{"line":155,"column":7}},"loc":{"start":{"line":155,"column":61},"end":{"line":158,"column":3}}},"8":{"name":"(anonymous_12)","decl":{"start":{"line":160,"column":10},"end":{"line":160,"column":26}},"loc":{"start":{"line":160,"column":43},"end":{"line":163,"column":3}}},"9":{"name":"(anonymous_13)","decl":{"start":{"line":165,"column":10},"end":{"line":165,"column":18}},"loc":{"start":{"line":165,"column":41},"end":{"line":167,"column":3}}}},"branchMap":{"0":{"loc":{"start":{"line":33,"column":4},"end":{"line":35,"column":5}},"type":"if","locations":[{"start":{"line":33,"column":4},"end":{"line":35,"column":5}},{"start":{},"end":{}}]},"1":{"loc":{"start":{"line":52,"column":4},"end":{"line":61,"column":5}},"type":"if","locations":[{"start":{"line":52,"column":4},"end":{"line":61,"column":5}},{"start":{},"end":{}}]},"2":{"loc":{"start":{"line":87,"column":6},"end":{"line":89,"column":7}},"type":"if","locations":[{"start":{"line":87,"column":6},"end":{"line":89,"column":7}},{"start":{},"end":{}}]},"3":{"loc":{"start":{"line":91,"column":6},"end":{"line":93,"column":7}},"type":"if","locations":[{"start":{"line":91,"column":6},"end":{"line":93,"column":7}},{"start":{},"end":{}}]},"4":{"loc":{"start":{"line":107,"column":6},"end":{"line":109,"column":7}},"type":"if","locations":[{"start":{"line":107,"column":6},"end":{"line":109,"column":7}},{"start":{},"end":{}}]},"5":{"loc":{"start":{"line":115,"column":6},"end":{"line":117,"column":7}},"type":"if","locations":[{"start":{"line":115,"column":6},"end":{"line":117,"column":7}},{"start":{},"end":{}}]},"6":{"loc":{"start":{"line":141,"column":4},"end":{"line":143,"column":5}},"type":"if","locations":[{"start":{"line":141,"column":4},"end":{"line":143,"column":5}},{"start":{},"end":{}}]},"7":{"loc":{"start":{"line":166,"column":11},"end":{"line":166,"column":60}},"type":"cond-expr","locations":[{"start":{"line":166,"column":39},"end":{"line":166,"column":44}},{"start":{"line":166,"column":47},"end":{"line":166,"column":60}}]}},"s":{"0":3,"1":3,"2":3,"3":3,"4":3,"5":3,"6":3,"7":3,"8":3,"9":12,"10":12,"11":12,"12":2,"13":2,"14":1,"15":1,"16":3,"17":3,"18":2,"19":2,"20":2,"21":1,"22":1,"23":1,"24":1,"25":4,"26":4,"27":4,"28":4,"29":4,"30":4,"31":0,"32":4,"33":1,"34":3,"35":0,"36":0,"37":3,"38":1,"39":2,"40":2,"41":0,"42":2,"43":2,"44":2,"45":2,"46":4,"47":1,"48":1,"49":0,"50":1,"51":1,"52":1,"53":1,"54":2,"55":2,"56":7,"57":7,"58":12,"59":3,"60":3},"f":{"0":12,"1":2,"2":3,"3":4,"4":0,"5":0,"6":1,"7":2,"8":7,"9":12},"b":{"0":[1,1],"1":[2,1],"2":[0,4],"3":[1,3],"4":[1,2],"5":[0,2],"6":[0,1],"7":[12,0]}}
,"C:\\Users\\saada\\Desktop\\warpnest\\time-off-service\\src\\balance\\dto\\balance-response.dto.ts": {"path":"C:\\Users\\saada\\Desktop\\warpnest\\time-off-service\\src\\balance\\dto\\balance-response.dto.ts","statementMap":{"0":{"start":{"line":1,"column":0},"end":{"line":1,"column":13}}},"fnMap":{},"branchMap":{},"s":{"0":0},"f":{},"b":{}}
,"C:\\Users\\saada\\Desktop\\warpnest\\time-off-service\\src\\common\\decorators\\role.decorator.ts": {"path":"C:\\Users\\saada\\Desktop\\warpnest\\time-off-service\\src\\common\\decorators\\role.decorator.ts","statementMap":{"0":{"start":{"line":1,"column":0},"end":{"line":1,"column":45}},"1":{"start":{"line":5,"column":13},"end":{"line":5,"column":33}},"2":{"start":{"line":6,"column":21},"end":{"line":6,"column":75}},"3":{"start":{"line":6,"column":46},"end":{"line":6,"column":75}},"4":{"start":{"line":6,"column":13},"end":{"line":6,"column":21}}},"fnMap":{"0":{"name":"(anonymous_0)","decl":{"start":{"line":6,"column":21},"end":{"line":6,"column":22}},"loc":{"start":{"line":6,"column":46},"end":{"line":6,"column":75}}}},"branchMap":{},"s":{"0":0,"1":0,"2":0,"3":0,"4":0},"f":{"0":0},"b":{}}
,"C:\\Users\\saada\\Desktop\\warpnest\\time-off-service\\src\\common\\filters\\http-exception.filter.ts": {"path":"C:\\Users\\saada\\Desktop\\warpnest\\time-off-service\\src\\common\\filters\\http-exception.filter.ts","statementMap":{"0":{"start":{"line":1,"column":0},"end":{"line":1,"column":null}},"1":{"start":{"line":16,"column":7},"end":{"line":78,"column":null}},"2":{"start":{"line":18,"column":20},"end":{"line":18,"column":39}},"3":{"start":{"line":19,"column":21},"end":{"line":19,"column":52}},"4":{"start":{"line":20,"column":20},"end":{"line":20,"column":49}},"5":{"start":{"line":22,"column":24},"end":{"line":22,"column":54}},"6":{"start":{"line":24,"column":4},"end":{"line":30,"column":7}},"7":{"start":{"line":38,"column":4},"end":{"line":66,"column":5}},"8":{"start":{"line":39,"column":25},"end":{"line":39,"column":46}},"9":{"start":{"line":40,"column":23},"end":{"line":40,"column":46}},"10":{"start":{"line":42,"column":6},"end":{"line":48,"column":7}},"11":{"start":{"line":43,"column":8},"end":{"line":47,"column":10}},"12":{"start":{"line":50,"column":6},"end":{"line":59,"column":7}},"13":{"start":{"line":51,"column":33},"end":{"line":53,"column":28}},"14":{"start":{"line":54,"column":8},"end":{"line":58,"column":10}},"15":{"start":{"line":61,"column":6},"end":{"line":65,"column":8}},"16":{"start":{"line":68,"column":4},"end":{"line":72,"column":6}},"17":{"start":{"line":76,"column":4},"end":{"line":76,"column":61}},"18":{"start":{"line":16,"column":13},"end":{"line":16,"column":32}},"19":{"start":{"line":16,"column":13},"end":{"line":78,"column":null}}},"fnMap":{"0":{"name":"(anonymous_1)","decl":{"start":{"line":17,"column":2},"end":{"line":17,"column":7}},"loc":{"start":{"line":17,"column":47},"end":{"line":31,"column":3}}},"1":{"name":"(anonymous_2)","decl":{"start":{"line":33,"column":10},"end":{"line":33,"column":24}},"loc":{"start":{"line":33,"column":43},"end":{"line":73,"column":3}}},"2":{"name":"(anonymous_3)","decl":{"start":{"line":75,"column":10},"end":{"line":75,"column":21}},"loc":{"start":{"line":75,"column":39},"end":{"line":77,"column":3}}}},"branchMap":{"0":{"loc":{"start":{"line":38,"column":4},"end":{"line":66,"column":5}},"type":"if","locations":[{"start":{"line":38,"column":4},"end":{"line":66,"column":5}},{"start":{},"end":{}}]},"1":{"loc":{"start":{"line":42,"column":6},"end":{"line":48,"column":7}},"type":"if","locations":[{"start":{"line":42,"column":6},"end":{"line":48,"column":7}},{"start":{},"end":{}}]},"2":{"loc":{"start":{"line":46,"column":17},"end":{"line":46,"column":50}},"type":"binary-expr","locations":[{"start":{"line":46,"column":17},"end":{"line":46,"column":39}},{"start":{"line":46,"column":43},"end":{"line":46,"column":50}}]},"3":{"loc":{"start":{"line":50,"column":6},"end":{"line":59,"column":7}},"type":"if","locations":[{"start":{"line":50,"column":6},"end":{"line":59,"column":7}},{"start":{},"end":{}}]},"4":{"loc":{"start":{"line":51,"column":33},"end":{"line":53,"column":28}},"type":"cond-expr","locations":[{"start":{"line":52,"column":12},"end":{"line":52,"column":31}},{"start":{"line":53,"column":12},"end":{"line":53,"column":28}}]},"5":{"loc":{"start":{"line":56,"column":19},"end":{"line":56,"column":56}},"type":"binary-expr","locations":[{"start":{"line":56,"column":19},"end":{"line":56,"column":35}},{"start":{"line":56,"column":39},"end":{"line":56,"column":56}}]},"6":{"loc":{"start":{"line":57,"column":17},"end":{"line":57,"column":68}},"type":"binary-expr","locations":[{"start":{"line":57,"column":17},"end":{"line":57,"column":31}},{"start":{"line":57,"column":35},"end":{"line":57,"column":57}},{"start":{"line":57,"column":61},"end":{"line":57,"column":68}}]},"7":{"loc":{"start":{"line":64,"column":15},"end":{"line":64,"column":48}},"type":"binary-expr","locations":[{"start":{"line":64,"column":15},"end":{"line":64,"column":37}},{"start":{"line":64,"column":41},"end":{"line":64,"column":48}}]},"8":{"loc":{"start":{"line":76,"column":11},"end":{"line":76,"column":60}},"type":"binary-expr","locations":[{"start":{"line":76,"column":11},"end":{"line":76,"column":39}},{"start":{"line":76,"column":43},"end":{"line":76,"column":60}}]}},"s":{"0":0,"1":0,"2":0,"3":0,"4":0,"5":0,"6":0,"7":0,"8":0,"9":0,"10":0,"11":0,"12":0,"13":0,"14":0,"15":0,"16":0,"17":0,"18":0,"19":0},"f":{"0":0,"1":0,"2":0},"b":{"0":[0,0],"1":[0,0],"2":[0,0],"3":[0,0],"4":[0,0],"5":[0,0],"6":[0,0,0],"7":[0,0],"8":[0,0]}}
,"C:\\Users\\saada\\Desktop\\warpnest\\time-off-service\\src\\common\\guards\\role.guard.ts": {"path":"C:\\Users\\saada\\Desktop\\warpnest\\time-off-service\\src\\common\\guards\\role.guard.ts","statementMap":{"0":{"start":{"line":1,"column":0},"end":{"line":1,"column":null}},"1":{"start":{"line":7,"column":0},"end":{"line":7,"column":41}},"2":{"start":{"line":9,"column":0},"end":{"line":9,"column":66}},"3":{"start":{"line":11,"column":25},"end":{"line":11,"column":33}},"4":{"start":{"line":12,"column":31},"end":{"line":12,"column":51}},"5":{"start":{"line":15,"column":7},"end":{"line":38,"column":null}},"6":{"start":{"line":16,"column":31},"end":{"line":16,"column":42}},"7":{"start":{"line":19,"column":26},"end":{"line":22,"column":6}},"8":{"start":{"line":24,"column":4},"end":{"line":26,"column":5}},"9":{"start":{"line":25,"column":6},"end":{"line":25,"column":18}},"10":{"start":{"line":28,"column":20},"end":{"line":28,"column":64}},"11":{"start":{"line":29,"column":24},"end":{"line":29,"column":57}},"12":{"start":{"line":30,"column":17},"end":{"line":30,"column":74}},"13":{"start":{"line":32,"column":4},"end":{"line":34,"column":5}},"14":{"start":{"line":33,"column":6},"end":{"line":33,"column":59}},"15":{"start":{"line":36,"column":4},"end":{"line":36,"column":16}},"16":{"start":{"line":15,"column":13},"end":{"line":15,"column":22}},"17":{"start":{"line":15,"column":13},"end":{"line":38,"column":null}}},"fnMap":{"0":{"name":"(anonymous_2)","decl":{"start":{"line":16,"column":2},"end":{"line":16,"column":31}},"loc":{"start":{"line":16,"column":51},"end":{"line":16,"column":55}}},"1":{"name":"(anonymous_3)","decl":{"start":{"line":18,"column":2},"end":{"line":18,"column":13}},"loc":{"start":{"line":18,"column":39},"end":{"line":37,"column":3}}}},"branchMap":{"0":{"loc":{"start":{"line":24,"column":4},"end":{"line":26,"column":5}},"type":"if","locations":[{"start":{"line":24,"column":4},"end":{"line":26,"column":5}},{"start":{},"end":{}}]},"1":{"loc":{"start":{"line":24,"column":8},"end":{"line":24,"column":52}},"type":"binary-expr","locations":[{"start":{"line":24,"column":8},"end":{"line":24,"column":22}},{"start":{"line":24,"column":26},"end":{"line":24,"column":52}}]},"2":{"loc":{"start":{"line":30,"column":17},"end":{"line":30,"column":74}},"type":"cond-expr","locations":[{"start":{"line":30,"column":46},"end":{"line":30,"column":60}},{"start":{"line":30,"column":63},"end":{"line":30,"column":74}}]},"3":{"loc":{"start":{"line":32,"column":4},"end":{"line":34,"column":5}},"type":"if","locations":[{"start":{"line":32,"column":4},"end":{"line":34,"column":5}},{"start":{},"end":{}}]},"4":{"loc":{"start":{"line":32,"column":8},"end":{"line":32,"column":57}},"type":"binary-expr","locations":[{"start":{"line":32,"column":8},"end":{"line":32,"column":13}},{"start":{"line":32,"column":17},"end":{"line":32,"column":57}}]}},"s":{"0":0,"1":0,"2":0,"3":0,"4":0,"5":0,"6":0,"7":0,"8":0,"9":0,"10":0,"11":0,"12":0,"13":0,"14":0,"15":0,"16":0,"17":0},"f":{"0":0,"1":0},"b":{"0":[0,0],"1":[0,0],"2":[0,0],"3":[0,0],"4":[0,0]}}
,"C:\\Users\\saada\\Desktop\\warpnest\\time-off-service\\src\\employees\\employee.entity.ts": {"path":"C:\\Users\\saada\\Desktop\\warpnest\\time-off-service\\src\\employees\\employee.entity.ts","statementMap":{"0":{"start":{"line":1,"column":0},"end":{"line":1,"column":null}},"1":{"start":{"line":9,"column":7},"end":{"line":21,"column":null}},"2":{"start":{"line":9,"column":13},"end":{"line":9,"column":21}},"3":{"start":{"line":11,"column":2},"end":{"line":11,"column":null}},"4":{"start":{"line":14,"column":2},"end":{"line":14,"column":null}},"5":{"start":{"line":17,"column":2},"end":{"line":17,"column":null}},"6":{"start":{"line":20,"column":2},"end":{"line":20,"column":null}},"7":{"start":{"line":9,"column":13},"end":{"line":21,"column":null}}},"fnMap":{},"branchMap":{},"s":{"0":0,"1":0,"2":0,"3":0,"4":0,"5":0,"6":0,"7":0},"f":{},"b":{}}
,"C:\\Users\\saada\\Desktop\\warpnest\\time-off-service\\src\\hcm\\hcm.service.ts": {"path":"C:\\Users\\saada\\Desktop\\warpnest\\time-off-service\\src\\hcm\\hcm.service.ts","statementMap":{"0":{"start":{"line":1,"column":0},"end":{"line":1,"column":44}},"1":{"start":{"line":2,"column":0},"end":{"line":2,"column":71}},"2":{"start":{"line":3,"column":0},"end":{"line":3,"column":47}},"3":{"start":{"line":4,"column":0},"end":{"line":4,"column":26}},"4":{"start":{"line":5,"column":0},"end":{"line":5,"column":38}},"5":{"start":{"line":25,"column":23},"end":{"line":25,"column":34}},"6":{"start":{"line":26,"column":25},"end":{"line":26,"column":39}},"7":{"start":{"line":27,"column":24},"end":{"line":27,"column":37}},"8":{"start":{"line":28,"column":23},"end":{"line":28,"column":35}},"9":{"start":{"line":30,"column":30},"end":{"line":30,"column":58}},"10":{"start":{"line":31,"column":36},"end":{"line":31,"column":69}},"11":{"start":{"line":32,"column":34},"end":{"line":32,"column":66}},"12":{"start":{"line":35,"column":7},"end":{"line":111,"column":null}},"13":{"start":{"line":37,"column":21},"end":{"line":37,"column":34}},"14":{"start":{"line":38,"column":21},"end":{"line":38,"column":36}},"15":{"start":{"line":45,"column":4},"end":{"line":58,"column":5}},"16":{"start":{"line":46,"column":23},"end":{"line":50,"column":null}},"17":{"start":{"line":52,"column":6},"end":{"line":52,"column":49}},"18":{"start":{"line":54,"column":6},"end":{"line":56,"column":7}},"19":{"start":{"line":55,"column":8},"end":{"line":55,"column":83}},"20":{"start":{"line":57,"column":6},"end":{"line":57,"column":77}},"21":{"start":{"line":69,"column":38},"end":{"line":69,"column":70}},"22":{"start":{"line":71,"column":4},"end":{"line":88,"column":5}},"23":{"start":{"line":72,"column":6},"end":{"line":76,"column":8}},"24":{"start":{"line":78,"column":6},"end":{"line":86,"column":7}},"25":{"start":{"line":79,"column":27},"end":{"line":79,"column":49}},"26":{"start":{"line":80,"column":8},"end":{"line":82,"column":9}},"27":{"start":{"line":81,"column":10},"end":{"line":81,"column":82}},"28":{"start":{"line":83,"column":8},"end":{"line":85,"column":9}},"29":{"start":{"line":84,"column":10},"end":{"line":84,"column":85}},"30":{"start":{"line":87,"column":6},"end":{"line":87,"column":77}},"31":{"start":{"line":95,"column":4},"end":{"line":99,"column":29}},"32":{"start":{"line":99,"column":18},"end":{"line":99,"column":27}},"33":{"start":{"line":103,"column":4},"end":{"line":103,"column":64}},"34":{"start":{"line":107,"column":4},"end":{"line":109,"column":6}},"35":{"start":{"line":35,"column":13},"end":{"line":35,"column":23}},"36":{"start":{"line":35,"column":13},"end":{"line":111,"column":null}}},"fnMap":{"0":{"name":"(anonymous_3)","decl":{"start":{"line":36,"column":2},"end":{"line":36,"column":null}},"loc":{"start":{"line":38,"column":49},"end":{"line":39,"column":6}}},"1":{"name":"(anonymous_4)","decl":{"start":{"line":44,"column":2},"end":{"line":44,"column":7}},"loc":{"start":{"line":44,"column":57},"end":{"line":59,"column":3}}},"2":{"name":"(anonymous_5)","decl":{"start":{"line":64,"column":2},"end":{"line":64,"column":7}},"loc":{"start":{"line":67,"column":16},"end":{"line":89,"column":3}}},"3":{"name":"(anonymous_6)","decl":{"start":{"line":94,"column":2},"end":{"line":94,"column":7}},"loc":{"start":{"line":94,"column":50},"end":{"line":100,"column":3}}},"4":{"name":"(anonymous_7)","decl":{"start":{"line":99,"column":12},"end":{"line":99,"column":15}},"loc":{"start":{"line":99,"column":18},"end":{"line":99,"column":27}}},"5":{"name":"(anonymous_8)","decl":{"start":{"line":102,"column":2},"end":{"line":102,"column":14}},"loc":{"start":{"line":102,"column":21},"end":{"line":104,"column":3}}},"6":{"name":"(anonymous_9)","decl":{"start":{"line":106,"column":2},"end":{"line":106,"column":14}},"loc":{"start":{"line":106,"column":21},"end":{"line":110,"column":3}}}},"branchMap":{"0":{"loc":{"start":{"line":54,"column":6},"end":{"line":56,"column":7}},"type":"if","locations":[{"start":{"line":54,"column":6},"end":{"line":56,"column":7}},{"start":{},"end":{}}]},"1":{"loc":{"start":{"line":54,"column":10},"end":{"line":54,"column":86}},"type":"binary-expr","locations":[{"start":{"line":54,"column":10},"end":{"line":54,"column":35}},{"start":{"line":54,"column":39},"end":{"line":54,"column":86}}]},"2":{"loc":{"start":{"line":78,"column":6},"end":{"line":86,"column":7}},"type":"if","locations":[{"start":{"line":78,"column":6},"end":{"line":86,"column":7}},{"start":{},"end":{}}]},"3":{"loc":{"start":{"line":80,"column":8},"end":{"line":82,"column":9}},"type":"if","locations":[{"start":{"line":80,"column":8},"end":{"line":82,"column":9}},{"start":{},"end":{}}]},"4":{"loc":{"start":{"line":80,"column":12},"end":{"line":80,"column":99}},"type":"binary-expr","locations":[{"start":{"line":80,"column":12},"end":{"line":80,"column":49}},{"start":{"line":80,"column":53},"end":{"line":80,"column":99}}]},"5":{"loc":{"start":{"line":83,"column":8},"end":{"line":85,"column":9}},"type":"if","locations":[{"start":{"line":83,"column":8},"end":{"line":85,"column":9}},{"start":{},"end":{}}]},"6":{"loc":{"start":{"line":103,"column":11},"end":{"line":103,"column":63}},"type":"binary-expr","locations":[{"start":{"line":103,"column":11},"end":{"line":103,"column":57}},{"start":{"line":103,"column":61},"end":{"line":103,"column":63}}]},"7":{"loc":{"start":{"line":108,"column":24},"end":{"line":108,"column":75}},"type":"binary-expr","locations":[{"start":{"line":108,"column":24},"end":{"line":108,"column":69}},{"start":{"line":108,"column":73},"end":{"line":108,"column":75}}]}},"s":{"0":3,"1":3,"2":3,"3":3,"4":3,"5":3,"6":3,"7":3,"8":3,"9":3,"10":3,"11":3,"12":3,"13":0,"14":0,"15":0,"16":0,"17":0,"18":0,"19":0,"20":0,"21":0,"22":0,"23":0,"24":0,"25":0,"26":0,"27":0,"28":0,"29":0,"30":0,"31":0,"32":0,"33":0,"34":0,"35":3,"36":3},"f":{"0":0,"1":0,"2":0,"3":0,"4":0,"5":0,"6":0},"b":{"0":[0,0],"1":[0,0],"2":[0,0],"3":[0,0],"4":[0,0],"5":[0,0],"6":[0,0],"7":[0,0]}}
,"C:\\Users\\saada\\Desktop\\warpnest\\time-off-service\\src\\requests\\requests.controller.ts": {"path":"C:\\Users\\saada\\Desktop\\warpnest\\time-off-service\\src\\requests\\requests.controller.ts","statementMap":{"0":{"start":{"line":1,"column":0},"end":{"line":1,"column":null}},"1":{"start":{"line":12,"column":0},"end":{"line":12,"column":60}},"2":{"start":{"line":13,"column":0},"end":{"line":13,"column":56}},"3":{"start":{"line":14,"column":0},"end":{"line":14,"column":60}},"4":{"start":{"line":16,"column":0},"end":{"line":16,"column":53}},"5":{"start":{"line":18,"column":26},"end":{"line":18,"column":40}},"6":{"start":{"line":19,"column":27},"end":{"line":19,"column":42}},"7":{"start":{"line":20,"column":36},"end":{"line":20,"column":69}},"8":{"start":{"line":21,"column":37},"end":{"line":21,"column":71}},"9":{"start":{"line":25,"column":7},"end":{"line":72,"column":null}},"10":{"start":{"line":26,"column":31},"end":{"line":26,"column":48}},"11":{"start":{"line":30,"column":4},"end":{"line":30,"column":51}},"12":{"start":{"line":35,"column":4},"end":{"line":35,"column":54}},"13":{"start":{"line":44,"column":4},"end":{"line":46,"column":5}},"14":{"start":{"line":45,"column":6},"end":{"line":45,"column":65}},"15":{"start":{"line":47,"column":4},"end":{"line":47,"column":69}},"16":{"start":{"line":56,"column":4},"end":{"line":58,"column":5}},"17":{"start":{"line":57,"column":6},"end":{"line":57,"column":65}},"18":{"start":{"line":59,"column":4},"end":{"line":59,"column":68}},"19":{"start":{"line":67,"column":4},"end":{"line":69,"column":5}},"20":{"start":{"line":68,"column":6},"end":{"line":68,"column":66}},"21":{"start":{"line":70,"column":4},"end":{"line":70,"column":69}},"22":{"start":{"line":25,"column":13},"end":{"line":25,"column":31}},"23":{"start":{"line":29,"column":8},"end":{"line":31,"column":null}},"24":{"start":{"line":34,"column":8},"end":{"line":36,"column":null}},"25":{"start":{"line":40,"column":8},"end":{"line":48,"column":null}},"26":{"start":{"line":52,"column":8},"end":{"line":60,"column":null}},"27":{"start":{"line":63,"column":8},"end":{"line":71,"column":null}},"28":{"start":{"line":25,"column":13},"end":{"line":72,"column":null}}},"fnMap":{"0":{"name":"(anonymous_4)","decl":{"start":{"line":26,"column":2},"end":{"line":26,"column":31}},"loc":{"start":{"line":26,"column":63},"end":{"line":26,"column":67}}},"1":{"name":"(anonymous_5)","decl":{"start":{"line":29,"column":8},"end":{"line":29,"column":21}},"loc":{"start":{"line":29,"column":51},"end":{"line":31,"column":3}}},"2":{"name":"(anonymous_6)","decl":{"start":{"line":34,"column":8},"end":{"line":34,"column":18}},"loc":{"start":{"line":34,"column":49},"end":{"line":36,"column":3}}},"3":{"name":"(anonymous_7)","decl":{"start":{"line":40,"column":8},"end":{"line":40,"column":22}},"loc":{"start":{"line":42,"column":50},"end":{"line":48,"column":3}}},"4":{"name":"(anonymous_8)","decl":{"start":{"line":52,"column":8},"end":{"line":52,"column":21}},"loc":{"start":{"line":54,"column":50},"end":{"line":60,"column":3}}},"5":{"name":"(anonymous_9)","decl":{"start":{"line":63,"column":8},"end":{"line":63,"column":21}},"loc":{"start":{"line":65,"column":52},"end":{"line":71,"column":3}}}},"branchMap":{"0":{"loc":{"start":{"line":44,"column":4},"end":{"line":46,"column":5}},"type":"if","locations":[{"start":{"line":44,"column":4},"end":{"line":46,"column":5}},{"start":{},"end":{}}]},"1":{"loc":{"start":{"line":56,"column":4},"end":{"line":58,"column":5}},"type":"if","locations":[{"start":{"line":56,"column":4},"end":{"line":58,"column":5}},{"start":{},"end":{}}]},"2":{"loc":{"start":{"line":67,"column":4},"end":{"line":69,"column":5}},"type":"if","locations":[{"start":{"line":67,"column":4},"end":{"line":69,"column":5}},{"start":{},"end":{}}]}},"s":{"0":0,"1":0,"2":0,"3":0,"4":0,"5":0,"6":0,"7":0,"8":0,"9":0,"10":0,"11":0,"12":0,"13":0,"14":0,"15":0,"16":0,"17":0,"18":0,"19":0,"20":0,"21":0,"22":0,"23":0,"24":0,"25":0,"26":0,"27":0,"28":0},"f":{"0":0,"1":0,"2":0,"3":0,"4":0,"5":0},"b":{"0":[0,0],"1":[0,0],"2":[0,0]}}
,"C:\\Users\\saada\\Desktop\\warpnest\\time-off-service\\src\\requests\\requests.entity.ts": {"path":"C:\\Users\\saada\\Desktop\\warpnest\\time-off-service\\src\\requests\\requests.entity.ts","statementMap":{"0":{"start":{"line":1,"column":0},"end":{"line":1,"column":null}},"1":{"start":{"line":9,"column":0},"end":{"line":9,"column":null}},"2":{"start":{"line":10,"column":2},"end":{"line":10,"column":null}},"3":{"start":{"line":11,"column":2},"end":{"line":11,"column":null}},"4":{"start":{"line":12,"column":2},"end":{"line":12,"column":null}},"5":{"start":{"line":13,"column":2},"end":{"line":13,"column":null}},"6":{"start":{"line":17,"column":7},"end":{"line":41,"column":null}},"7":{"start":{"line":17,"column":13},"end":{"line":17,"column":27}},"8":{"start":{"line":19,"column":2},"end":{"line":19,"column":null}},"9":{"start":{"line":22,"column":2},"end":{"line":22,"column":null}},"10":{"start":{"line":25,"column":2},"end":{"line":25,"column":null}},"11":{"start":{"line":28,"column":2},"end":{"line":28,"column":null}},"12":{"start":{"line":31,"column":2},"end":{"line":31,"column":null}},"13":{"start":{"line":34,"column":2},"end":{"line":34,"column":null}},"14":{"start":{"line":37,"column":2},"end":{"line":37,"column":null}},"15":{"start":{"line":40,"column":2},"end":{"line":40,"column":null}},"16":{"start":{"line":17,"column":13},"end":{"line":41,"column":null}}},"fnMap":{"0":{"name":"(anonymous_2)","decl":{"start":{"line":9,"column":0},"end":{"line":9,"column":12}},"loc":{"start":{"line":9,"column":25},"end":{"line":14,"column":1}}}},"branchMap":{"0":{"loc":{"start":{"line":9,"column":12},"end":{"line":9,"column":null}},"type":"binary-expr","locations":[{"start":{"line":9,"column":12},"end":{"line":9,"column":25}},{"start":{"line":9,"column":25},"end":{"line":9,"column":null}}]}},"s":{"0":1,"1":1,"2":1,"3":1,"4":1,"5":1,"6":1,"7":1,"8":1,"9":1,"10":1,"11":1,"12":1,"13":1,"14":1,"15":1,"16":1},"f":{"0":1},"b":{"0":[1,1]}}
,"C:\\Users\\saada\\Desktop\\warpnest\\time-off-service\\src\\requests\\requests.service.ts": {"path":"C:\\Users\\saada\\Desktop\\warpnest\\time-off-service\\src\\requests\\requests.service.ts","statementMap":{"0":{"start":{"line":1,"column":0},"end":{"line":1,"column":null}},"1":{"start":{"line":10,"column":0},"end":{"line":10,"column":51}},"2":{"start":{"line":11,"column":0},"end":{"line":11,"column":37}},"3":{"start":{"line":13,"column":0},"end":{"line":13,"column":60}},"4":{"start":{"line":14,"column":0},"end":{"line":14,"column":48}},"5":{"start":{"line":16,"column":0},"end":{"line":16,"column":66}},"6":{"start":{"line":18,"column":33},"end":{"line":18,"column":89}},"7":{"start":{"line":19,"column":34},"end":{"line":19,"column":53}},"8":{"start":{"line":20,"column":36},"end":{"line":20,"column":60}},"9":{"start":{"line":21,"column":41},"end":{"line":21,"column":71}},"10":{"start":{"line":22,"column":46},"end":{"line":22,"column":88}},"11":{"start":{"line":23,"column":36},"end":{"line":23,"column":76}},"12":{"start":{"line":24,"column":40},"end":{"line":24,"column":72}},"13":{"start":{"line":26,"column":2},"end":{"line":26,"column":44}},"14":{"start":{"line":29,"column":7},"end":{"line":251,"column":null}},"15":{"start":{"line":32,"column":21},"end":{"line":32,"column":41}},"16":{"start":{"line":33,"column":21},"end":{"line":33,"column":37}},"17":{"start":{"line":34,"column":21},"end":{"line":34,"column":33}},"18":{"start":{"line":41,"column":39},"end":{"line":41,"column":43}},"19":{"start":{"line":42,"column":4},"end":{"line":48,"column":5}},"20":{"start":{"line":43,"column":6},"end":{"line":43,"column":95}},"21":{"start":{"line":45,"column":6},"end":{"line":47,"column":7}},"22":{"start":{"line":46,"column":8},"end":{"line":46,"column":20}},"23":{"start":{"line":49,"column":23},"end":{"line":51,"column":null}},"24":{"start":{"line":53,"column":4},"end":{"line":62,"column":5}},"25":{"start":{"line":57,"column":6},"end":{"line":61,"column":8}},"26":{"start":{"line":63,"column":4},"end":{"line":65,"column":5}},"27":{"start":{"line":64,"column":6},"end":{"line":64,"column":70}},"28":{"start":{"line":67,"column":20},"end":{"line":72,"column":6}},"29":{"start":{"line":74,"column":4},"end":{"line":74,"column":49}},"30":{"start":{"line":81,"column":20},"end":{"line":81,"column":87}},"31":{"start":{"line":82,"column":4},"end":{"line":84,"column":5}},"32":{"start":{"line":83,"column":6},"end":{"line":83,"column":61}},"33":{"start":{"line":85,"column":4},"end":{"line":87,"column":5}},"34":{"start":{"line":86,"column":6},"end":{"line":86,"column":65}},"35":{"start":{"line":90,"column":45},"end":{"line":90,"column":49}},"36":{"start":{"line":91,"column":4},"end":{"line":109,"column":5}},"37":{"start":{"line":92,"column":6},"end":{"line":95,"column":8}},"38":{"start":{"line":97,"column":6},"end":{"line":99,"column":7}},"39":{"start":{"line":98,"column":8},"end":{"line":98,"column":20}},"40":{"start":{"line":100,"column":6},"end":{"line":103,"column":8}},"41":{"start":{"line":104,"column":6},"end":{"line":108,"column":8}},"42":{"start":{"line":110,"column":25},"end":{"line":110,"column":45}},"43":{"start":{"line":111,"column":4},"end":{"line":116,"column":5}},"44":{"start":{"line":112,"column":6},"end":{"line":115,"column":8}},"45":{"start":{"line":117,"column":4},"end":{"line":124,"column":5}},"46":{"start":{"line":118,"column":6},"end":{"line":122,"column":8}},"47":{"start":{"line":123,"column":6},"end":{"line":123,"column":44}},"48":{"start":{"line":125,"column":4},"end":{"line":127,"column":5}},"49":{"start":{"line":126,"column":6},"end":{"line":126,"column":75}},"50":{"start":{"line":129,"column":4},"end":{"line":134,"column":6}},"51":{"start":{"line":136,"column":4},"end":{"line":162,"column":5}},"52":{"start":{"line":137,"column":6},"end":{"line":141,"column":8}},"53":{"start":{"line":143,"column":35},"end":{"line":145,"column":null}},"54":{"start":{"line":147,"column":40},"end":{"line":148,"column":null}},"55":{"start":{"line":150,"column":6},"end":{"line":154,"column":7}},"56":{"start":{"line":153,"column":8},"end":{"line":153,"column":70}},"57":{"start":{"line":156,"column":6},"end":{"line":160,"column":8}},"58":{"start":{"line":161,"column":6},"end":{"line":161,"column":18}},"59":{"start":{"line":164,"column":4},"end":{"line":164,"column":44}},"60":{"start":{"line":165,"column":4},"end":{"line":165,"column":35}},"61":{"start":{"line":166,"column":4},"end":{"line":166,"column":49}},"62":{"start":{"line":173,"column":20},"end":{"line":173,"column":87}},"63":{"start":{"line":174,"column":4},"end":{"line":176,"column":5}},"64":{"start":{"line":175,"column":6},"end":{"line":175,"column":61}},"65":{"start":{"line":177,"column":4},"end":{"line":179,"column":5}},"66":{"start":{"line":178,"column":6},"end":{"line":178,"column":65}},"67":{"start":{"line":181,"column":4},"end":{"line":181,"column":44}},"68":{"start":{"line":182,"column":4},"end":{"line":182,"column":35}},"69":{"start":{"line":183,"column":4},"end":{"line":183,"column":49}},"70":{"start":{"line":190,"column":20},"end":{"line":190,"column":87}},"71":{"start":{"line":191,"column":4},"end":{"line":193,"column":5}},"72":{"start":{"line":192,"column":6},"end":{"line":192,"column":61}},"73":{"start":{"line":194,"column":4},"end":{"line":196,"column":5}},"74":{"start":{"line":195,"column":6},"end":{"line":195,"column":68}},"75":{"start":{"line":197,"column":4},"end":{"line":199,"column":5}},"76":{"start":{"line":198,"column":6},"end":{"line":198,"column":65}},"77":{"start":{"line":201,"column":4},"end":{"line":205,"column":6}},"78":{"start":{"line":207,"column":4},"end":{"line":207,"column":45}},"79":{"start":{"line":208,"column":4},"end":{"line":208,"column":49}},"80":{"start":{"line":215,"column":20},"end":{"line":215,"column":87}},"81":{"start":{"line":216,"column":4},"end":{"line":218,"column":5}},"82":{"start":{"line":217,"column":6},"end":{"line":217,"column":61}},"83":{"start":{"line":219,"column":4},"end":{"line":219,"column":19}},"84":{"start":{"line":226,"column":4},"end":{"line":233,"column":5}},"85":{"start":{"line":227,"column":6},"end":{"line":227,"column":70}},"86":{"start":{"line":229,"column":6},"end":{"line":231,"column":7}},"87":{"start":{"line":230,"column":8},"end":{"line":230,"column":62}},"88":{"start":{"line":232,"column":6},"end":{"line":232,"column":18}},"89":{"start":{"line":237,"column":4},"end":{"line":241,"column":6}},"90":{"start":{"line":245,"column":4},"end":{"line":245,"column":43}},"91":{"start":{"line":249,"column":4},"end":{"line":249,"column":36}},"92":{"start":{"line":29,"column":13},"end":{"line":29,"column":28}},"93":{"start":{"line":29,"column":13},"end":{"line":251,"column":null}}},"fnMap":{"0":{"name":"(anonymous_4)","decl":{"start":{"line":30,"column":2},"end":{"line":30,"column":null}},"loc":{"start":{"line":34,"column":43},"end":{"line":35,"column":6}}},"1":{"name":"(anonymous_5)","decl":{"start":{"line":40,"column":2},"end":{"line":40,"column":7}},"loc":{"start":{"line":40,"column":43},"end":{"line":75,"column":3}}},"2":{"name":"(anonymous_6)","decl":{"start":{"line":80,"column":2},"end":{"line":80,"column":7}},"loc":{"start":{"line":80,"column":59},"end":{"line":167,"column":3}}},"3":{"name":"(anonymous_7)","decl":{"start":{"line":172,"column":2},"end":{"line":172,"column":7}},"loc":{"start":{"line":172,"column":58},"end":{"line":184,"column":3}}},"4":{"name":"(anonymous_8)","decl":{"start":{"line":189,"column":2},"end":{"line":189,"column":7}},"loc":{"start":{"line":189,"column":59},"end":{"line":209,"column":3}}},"5":{"name":"(anonymous_9)","decl":{"start":{"line":214,"column":2},"end":{"line":214,"column":7}},"loc":{"start":{"line":214,"column":36},"end":{"line":220,"column":3}}},"6":{"name":"(anonymous_10)","decl":{"start":{"line":222,"column":10},"end":{"line":222,"column":15}},"loc":{"start":{"line":224,"column":22},"end":{"line":234,"column":3}}},"7":{"name":"(anonymous_11)","decl":{"start":{"line":236,"column":10},"end":{"line":236,"column":25}},"loc":{"start":{"line":236,"column":40},"end":{"line":242,"column":3}}},"8":{"name":"(anonymous_12)","decl":{"start":{"line":244,"column":10},"end":{"line":244,"column":23}},"loc":{"start":{"line":244,"column":51},"end":{"line":246,"column":3}}},"9":{"name":"(anonymous_13)","decl":{"start":{"line":248,"column":10},"end":{"line":248,"column":28}},"loc":{"start":{"line":248,"column":42},"end":{"line":250,"column":3}}}},"branchMap":{"0":{"loc":{"start":{"line":45,"column":6},"end":{"line":47,"column":7}},"type":"if","locations":[{"start":{"line":45,"column":6},"end":{"line":47,"column":7}},{"start":{},"end":{}}]},"1":{"loc":{"start":{"line":53,"column":4},"end":{"line":62,"column":5}},"type":"if","locations":[{"start":{"line":53,"column":4},"end":{"line":62,"column":5}},{"start":{},"end":{}}]},"2":{"loc":{"start":{"line":54,"column":6},"end":{"line":55,"column":73}},"type":"binary-expr","locations":[{"start":{"line":54,"column":6},"end":{"line":54,"column":19}},{"start":{"line":55,"column":6},"end":{"line":55,"column":73}}]},"3":{"loc":{"start":{"line":63,"column":4},"end":{"line":65,"column":5}},"type":"if","locations":[{"start":{"line":63,"column":4},"end":{"line":65,"column":5}},{"start":{},"end":{}}]},"4":{"loc":{"start":{"line":82,"column":4},"end":{"line":84,"column":5}},"type":"if","locations":[{"start":{"line":82,"column":4},"end":{"line":84,"column":5}},{"start":{},"end":{}}]},"5":{"loc":{"start":{"line":85,"column":4},"end":{"line":87,"column":5}},"type":"if","locations":[{"start":{"line":85,"column":4},"end":{"line":87,"column":5}},{"start":{},"end":{}}]},"6":{"loc":{"start":{"line":97,"column":6},"end":{"line":99,"column":7}},"type":"if","locations":[{"start":{"line":97,"column":6},"end":{"line":99,"column":7}},{"start":{},"end":{}}]},"7":{"loc":{"start":{"line":111,"column":4},"end":{"line":116,"column":5}},"type":"if","locations":[{"start":{"line":111,"column":4},"end":{"line":116,"column":5}},{"start":{},"end":{}}]},"8":{"loc":{"start":{"line":117,"column":4},"end":{"line":124,"column":5}},"type":"if","locations":[{"start":{"line":117,"column":4},"end":{"line":124,"column":5}},{"start":{},"end":{}}]},"9":{"loc":{"start":{"line":125,"column":4},"end":{"line":127,"column":5}},"type":"if","locations":[{"start":{"line":125,"column":4},"end":{"line":127,"column":5}},{"start":{},"end":{}}]},"10":{"loc":{"start":{"line":150,"column":6},"end":{"line":154,"column":7}},"type":"if","locations":[{"start":{"line":150,"column":6},"end":{"line":154,"column":7}},{"start":{},"end":{}}]},"11":{"loc":{"start":{"line":174,"column":4},"end":{"line":176,"column":5}},"type":"if","locations":[{"start":{"line":174,"column":4},"end":{"line":176,"column":5}},{"start":{},"end":{}}]},"12":{"loc":{"start":{"line":177,"column":4},"end":{"line":179,"column":5}},"type":"if","locations":[{"start":{"line":177,"column":4},"end":{"line":179,"column":5}},{"start":{},"end":{}}]},"13":{"loc":{"start":{"line":191,"column":4},"end":{"line":193,"column":5}},"type":"if","locations":[{"start":{"line":191,"column":4},"end":{"line":193,"column":5}},{"start":{},"end":{}}]},"14":{"loc":{"start":{"line":194,"column":4},"end":{"line":196,"column":5}},"type":"if","locations":[{"start":{"line":194,"column":4},"end":{"line":196,"column":5}},{"start":{},"end":{}}]},"15":{"loc":{"start":{"line":197,"column":4},"end":{"line":199,"column":5}},"type":"if","locations":[{"start":{"line":197,"column":4},"end":{"line":199,"column":5}},{"start":{},"end":{}}]},"16":{"loc":{"start":{"line":216,"column":4},"end":{"line":218,"column":5}},"type":"if","locations":[{"start":{"line":216,"column":4},"end":{"line":218,"column":5}},{"start":{},"end":{}}]},"17":{"loc":{"start":{"line":229,"column":6},"end":{"line":231,"column":7}},"type":"if","locations":[{"start":{"line":229,"column":6},"end":{"line":231,"column":7}},{"start":{},"end":{}}]},"18":{"loc":{"start":{"line":238,"column":6},"end":{"line":240,"column":51}},"type":"binary-expr","locations":[{"start":{"line":238,"column":6},"end":{"line":238,"column":40}},{"start":{"line":239,"column":7},"end":{"line":239,"column":37}},{"start":{"line":240,"column":8},"end":{"line":240,"column":50}}]}},"s":{"0":1,"1":1,"2":1,"3":1,"4":1,"5":1,"6":1,"7":1,"8":1,"9":1,"10":1,"11":1,"12":1,"13":1,"14":1,"15":25,"16":25,"17":25,"18":7,"19":7,"20":7,"21":2,"22":0,"23":7,"24":6,"25":4,"26":6,"27":1,"28":5,"29":5,"30":9,"31":9,"32":1,"33":8,"34":1,"35":7,"36":7,"37":7,"38":0,"39":0,"40":0,"41":0,"42":7,"43":7,"44":7,"45":7,"46":2,"47":2,"48":7,"49":1,"50":6,"51":5,"52":5,"53":4,"54":4,"55":4,"56":1,"57":2,"58":2,"59":3,"60":3,"61":3,"62":3,"63":3,"64":1,"65":2,"66":1,"67":1,"68":1,"69":1,"70":4,"71":4,"72":1,"73":3,"74":1,"75":2,"76":1,"77":1,"78":1,"79":1,"80":2,"81":2,"82":1,"83":1,"84":18,"85":18,"86":1,"87":1,"88":0,"89":1,"90":16,"91":4,"92":1,"93":1},"f":{"0":25,"1":7,"2":9,"3":3,"4":4,"5":2,"6":18,"7":1,"8":16,"9":4},"b":{"0":[0,2],"1":[4,2],"2":[6,5],"3":[1,5],"4":[1,8],"5":[1,7],"6":[0,0],"7":[7,0],"8":[2,5],"9":[1,6],"10":[1,3],"11":[1,2],"12":[1,1],"13":[1,3],"14":[1,2],"15":[1,1],"16":[1,1],"17":[1,0],"18":[1,0,0]}}
,"C:\\Users\\saada\\Desktop\\warpnest\\time-off-service\\src\\requests\\dto\\create-request.dto.ts": {"path":"C:\\Users\\saada\\Desktop\\warpnest\\time-off-service\\src\\requests\\dto\\create-request.dto.ts","statementMap":{"0":{"start":{"line":1,"column":0},"end":{"line":1,"column":41}},"1":{"start":{"line":2,"column":0},"end":{"line":2,"column":70}},"2":{"start":{"line":4,"column":0},"end":{"line":4,"column":13}},"3":{"start":{"line":7,"column":2},"end":{"line":7,"column":null}},"4":{"start":{"line":11,"column":2},"end":{"line":11,"column":null}},"5":{"start":{"line":16,"column":2},"end":{"line":16,"column":null}},"6":{"start":{"line":13,"column":14},"end":{"line":13,"column":20}}},"fnMap":{"0":{"name":"(anonymous_2)","decl":{"start":{"line":13,"column":8},"end":{"line":13,"column":11}},"loc":{"start":{"line":13,"column":14},"end":{"line":13,"column":20}}}},"branchMap":{},"s":{"0":0,"1":0,"2":0,"3":0,"4":0,"5":0,"6":0},"f":{"0":0},"b":{}}
,"C:\\Users\\saada\\Desktop\\warpnest\\time-off-service\\src\\requests\\dto\\request-response.dto.ts": {"path":"C:\\Users\\saada\\Desktop\\warpnest\\time-off-service\\src\\requests\\dto\\request-response.dto.ts","statementMap":{"0":{"start":{"line":3,"column":0},"end":{"line":3,"column":13}}},"fnMap":{},"branchMap":{},"s":{"0":0},"f":{},"b":{}}
,"C:\\Users\\saada\\Desktop\\warpnest\\time-off-service\\src\\sync\\sync-log.entity.ts": {"path":"C:\\Users\\saada\\Desktop\\warpnest\\time-off-service\\src\\sync\\sync-log.entity.ts","statementMap":{"0":{"start":{"line":1,"column":0},"end":{"line":1,"column":83}},"1":{"start":{"line":3,"column":0},"end":{"line":3,"column":null}},"2":{"start":{"line":4,"column":2},"end":{"line":4,"column":null}},"3":{"start":{"line":5,"column":2},"end":{"line":5,"column":null}},"4":{"start":{"line":9,"column":7},"end":{"line":24,"column":null}},"5":{"start":{"line":9,"column":13},"end":{"line":9,"column":20}},"6":{"start":{"line":11,"column":2},"end":{"line":11,"column":null}},"7":{"start":{"line":14,"column":2},"end":{"line":14,"column":null}},"8":{"start":{"line":17,"column":2},"end":{"line":17,"column":null}},"9":{"start":{"line":20,"column":2},"end":{"line":20,"column":null}},"10":{"start":{"line":23,"column":2},"end":{"line":23,"column":null}},"11":{"start":{"line":9,"column":13},"end":{"line":24,"column":null}}},"fnMap":{"0":{"name":"(anonymous_2)","decl":{"start":{"line":3,"column":0},"end":{"line":3,"column":12}},"loc":{"start":{"line":3,"column":22},"end":{"line":6,"column":1}}}},"branchMap":{"0":{"loc":{"start":{"line":3,"column":12},"end":{"line":3,"column":null}},"type":"binary-expr","locations":[{"start":{"line":3,"column":12},"end":{"line":3,"column":22}},{"start":{"line":3,"column":22},"end":{"line":3,"column":null}}]}},"s":{"0":1,"1":1,"2":1,"3":1,"4":1,"5":1,"6":1,"7":1,"8":1,"9":1,"10":1,"11":1},"f":{"0":1},"b":{"0":[1,1]}}
,"C:\\Users\\saada\\Desktop\\warpnest\\time-off-service\\src\\sync\\sync.controller.ts": {"path":"C:\\Users\\saada\\Desktop\\warpnest\\time-off-service\\src\\sync\\sync.controller.ts","statementMap":{"0":{"start":{"line":1,"column":0},"end":{"line":1,"column":82}},"1":{"start":{"line":3,"column":0},"end":{"line":3,"column":73}},"2":{"start":{"line":4,"column":0},"end":{"line":4,"column":45}},"3":{"start":{"line":7,"column":7},"end":{"line":24,"column":null}},"4":{"start":{"line":8,"column":31},"end":{"line":8,"column":44}},"5":{"start":{"line":16,"column":4},"end":{"line":16,"column":47}},"6":{"start":{"line":22,"column":4},"end":{"line":22,"column":78}},"7":{"start":{"line":7,"column":13},"end":{"line":7,"column":27}},"8":{"start":{"line":12,"column":8},"end":{"line":17,"column":null}},"9":{"start":{"line":21,"column":8},"end":{"line":23,"column":null}},"10":{"start":{"line":7,"column":13},"end":{"line":24,"column":null}}},"fnMap":{"0":{"name":"(anonymous_4)","decl":{"start":{"line":8,"column":2},"end":{"line":8,"column":31}},"loc":{"start":{"line":8,"column":55},"end":{"line":8,"column":59}}},"1":{"name":"(anonymous_5)","decl":{"start":{"line":12,"column":8},"end":{"line":12,"column":20}},"loc":{"start":{"line":14,"column":28},"end":{"line":17,"column":3}}},"2":{"name":"(anonymous_6)","decl":{"start":{"line":21,"column":8},"end":{"line":21,"column":23}},"loc":{"start":{"line":21,"column":53},"end":{"line":23,"column":3}}}},"branchMap":{},"s":{"0":0,"1":0,"2":0,"3":0,"4":0,"5":0,"6":0,"7":0,"8":0,"9":0,"10":0},"f":{"0":0,"1":0,"2":0},"b":{}}
,"C:\\Users\\saada\\Desktop\\warpnest\\time-off-service\\src\\sync\\sync.service.ts": {"path":"C:\\Users\\saada\\Desktop\\warpnest\\time-off-service\\src\\sync\\sync.service.ts","statementMap":{"0":{"start":{"line":1,"column":0},"end":{"line":1,"column":44}},"1":{"start":{"line":2,"column":0},"end":{"line":2,"column":51}},"2":{"start":{"line":3,"column":0},"end":{"line":3,"column":37}},"3":{"start":{"line":5,"column":0},"end":{"line":5,"column":60}},"4":{"start":{"line":6,"column":0},"end":{"line":6,"column":48}},"5":{"start":{"line":8,"column":0},"end":{"line":8,"column":56}},"6":{"start":{"line":11,"column":7},"end":{"line":71,"column":null}},"7":{"start":{"line":14,"column":21},"end":{"line":14,"column":40}},"8":{"start":{"line":15,"column":21},"end":{"line":15,"column":37}},"9":{"start":{"line":16,"column":21},"end":{"line":16,"column":33}},"10":{"start":{"line":25,"column":20},"end":{"line":25,"column":21}},"11":{"start":{"line":26,"column":18},"end":{"line":26,"column":19}},"12":{"start":{"line":28,"column":4},"end":{"line":39,"column":5}},"13":{"start":{"line":29,"column":6},"end":{"line":38,"column":7}},"14":{"start":{"line":30,"column":8},"end":{"line":34,"column":10}},"15":{"start":{"line":35,"column":8},"end":{"line":35,"column":23}},"16":{"start":{"line":37,"column":8},"end":{"line":37,"column":21}},"17":{"start":{"line":41,"column":4},"end":{"line":46,"column":6}},"18":{"start":{"line":47,"column":4},"end":{"line":47,"column":45}},"19":{"start":{"line":49,"column":4},"end":{"line":49,"column":34}},"20":{"start":{"line":56,"column":29},"end":{"line":58,"column":null}},"21":{"start":{"line":61,"column":4},"end":{"line":67,"column":6}},"22":{"start":{"line":69,"column":4},"end":{"line":69,"column":28}},"23":{"start":{"line":11,"column":13},"end":{"line":11,"column":24}},"24":{"start":{"line":11,"column":13},"end":{"line":71,"column":null}}},"fnMap":{"0":{"name":"(anonymous_4)","decl":{"start":{"line":12,"column":2},"end":{"line":12,"column":null}},"loc":{"start":{"line":16,"column":43},"end":{"line":17,"column":6}}},"1":{"name":"(anonymous_5)","decl":{"start":{"line":22,"column":2},"end":{"line":22,"column":7}},"loc":{"start":{"line":23,"column":29},"end":{"line":50,"column":3}}},"2":{"name":"(anonymous_6)","decl":{"start":{"line":55,"column":2},"end":{"line":55,"column":7}},"loc":{"start":{"line":55,"column":62},"end":{"line":70,"column":3}}}},"branchMap":{},"s":{"0":1,"1":1,"2":1,"3":1,"4":1,"5":1,"6":1,"7":8,"8":8,"9":8,"10":6,"11":6,"12":6,"13":12,"14":12,"15":11,"16":1,"17":6,"18":6,"19":6,"20":3,"21":3,"22":3,"23":1,"24":1},"f":{"0":8,"1":6,"2":3},"b":{}}
,"C:\\Users\\saada\\Desktop\\warpnest\\time-off-service\\src\\sync\\dto\\batch-sync.dto.ts": {"path":"C:\\Users\\saada\\Desktop\\warpnest\\time-off-service\\src\\sync\\dto\\batch-sync.dto.ts","statementMap":{"0":{"start":{"line":1,"column":0},"end":{"line":1,"column":41}},"1":{"start":{"line":2,"column":0},"end":{"line":2,"column":70}},"2":{"start":{"line":4,"column":0},"end":{"line":4,"column":13}},"3":{"start":{"line":7,"column":2},"end":{"line":7,"column":null}},"4":{"start":{"line":11,"column":2},"end":{"line":11,"column":null}},"5":{"start":{"line":16,"column":2},"end":{"line":16,"column":null}},"6":{"start":{"line":13,"column":14},"end":{"line":13,"column":20}},"7":{"start":{"line":19,"column":0},"end":{"line":19,"column":13}},"8":{"start":{"line":22,"column":2},"end":{"line":22,"column":null}},"9":{"start":{"line":26,"column":2},"end":{"line":26,"column":null}}},"fnMap":{"0":{"name":"(anonymous_2)","decl":{"start":{"line":13,"column":8},"end":{"line":13,"column":11}},"loc":{"start":{"line":13,"column":14},"end":{"line":13,"column":20}}}},"branchMap":{},"s":{"0":0,"1":0,"2":0,"3":0,"4":0,"5":0,"6":0,"7":0,"8":0,"9":0},"f":{"0":0},"b":{}}
}
