TN:
SF:src\balance\balance.controller.ts
FN:7,(anonymous_4)
FN:10,(anonymous_5)
FNF:2
FNH:0
FNDA:0,(anonymous_4)
FNDA:0,(anonymous_5)
DA:1,0
DA:3,0
DA:6,0
DA:7,0
DA:10,0
DA:14,0
DA:16,0
LF:7
LH:0
BRF:0
BRH:0
end_of_record
TN:
SF:src\balance\balance.entity.ts
FNF:0
FNH:0
DA:1,3
DA:11,3
DA:13,3
DA:16,3
DA:19,3
DA:22,3
DA:25,3
DA:28,3
LF:8
LH:8
BRF:0
BRH:0
end_of_record
TN:
SF:src\balance\balance.service.ts
FN:18,(anonymous_4)
FN:28,(anonymous_5)
FN:43,(anonymous_6)
FN:72,(anonymous_7)
FN:99,(anonymous_8)
FN:100,(anonymous_9)
FN:132,(anonymous_10)
FN:155,(anonymous_11)
FN:160,(anonymous_12)
FN:165,(anonymous_13)
FNF:10
FNH:8
FNDA:12,(anonymous_4)
FNDA:2,(anonymous_5)
FNDA:3,(anonymous_6)
FNDA:4,(anonymous_7)
FNDA:0,(anonymous_8)
FNDA:0,(anonymous_9)
FNDA:1,(anonymous_10)
FNDA:2,(anonymous_11)
FNDA:7,(anonymous_12)
FNDA:12,(anonymous_13)
DA:1,3
DA:7,3
DA:8,3
DA:9,3
DA:10,3
DA:12,3
DA:13,3
DA:14,3
DA:17,3
DA:20,12
DA:21,12
DA:22,12
DA:29,2
DA:33,2
DA:34,1
DA:37,1
DA:48,3
DA:52,3
DA:53,2
DA:59,2
DA:60,2
DA:63,1
DA:64,1
DA:65,1
DA:66,1
DA:78,4
DA:79,4
DA:80,4
DA:82,4
DA:83,4
DA:87,4
DA:88,0
DA:91,4
DA:92,1
DA:95,3
DA:99,0
DA:100,0
DA:107,3
DA:108,1
DA:111,2
DA:115,2
DA:116,0
DA:119,2
DA:120,2
DA:122,2
DA:123,2
DA:125,4
DA:137,1
DA:141,1
DA:142,0
DA:145,1
DA:146,1
DA:148,1
DA:149,1
DA:156,2
DA:157,2
DA:161,7
DA:162,7
DA:166,12
LF:59
LH:54
BRDA:33,0,0,1
BRDA:33,0,1,1
BRDA:52,1,0,2
BRDA:52,1,1,1
BRDA:87,2,0,0
BRDA:87,2,1,4
BRDA:91,3,0,1
BRDA:91,3,1,3
BRDA:107,4,0,1
BRDA:107,4,1,2
BRDA:115,5,0,0
BRDA:115,5,1,2
BRDA:141,6,0,0
BRDA:141,6,1,1
BRDA:166,7,0,12
BRDA:166,7,1,0
BRF:16
BRH:12
end_of_record
TN:
SF:src\balance\dto\balance-response.dto.ts
FNF:0
FNH:0
DA:1,0
LF:1
LH:0
BRF:0
BRH:0
end_of_record
TN:
SF:src\common\decorators\role.decorator.ts
FN:6,(anonymous_0)
FNF:1
FNH:0
FNDA:0,(anonymous_0)
DA:1,0
DA:5,0
DA:6,0
LF:3
LH:0
BRF:0
BRH:0
end_of_record
TN:
SF:src\common\filters\http-exception.filter.ts
FN:17,(anonymous_1)
FN:33,(anonymous_2)
FN:75,(anonymous_3)
FNF:3
FNH:0
FNDA:0,(anonymous_1)
FNDA:0,(anonymous_2)
FNDA:0,(anonymous_3)
DA:1,0
DA:16,0
DA:18,0
DA:19,0
DA:20,0
DA:22,0
DA:24,0
DA:38,0
DA:39,0
DA:40,0
DA:42,0
DA:43,0
DA:50,0
DA:51,0
DA:54,0
DA:61,0
DA:68,0
DA:76,0
LF:18
LH:0
BRDA:38,0,0,0
BRDA:38,0,1,0
BRDA:42,1,0,0
BRDA:42,1,1,0
BRDA:46,2,0,0
BRDA:46,2,1,0
BRDA:50,3,0,0
BRDA:50,3,1,0
BRDA:51,4,0,0
BRDA:51,4,1,0
BRDA:56,5,0,0
BRDA:56,5,1,0
BRDA:57,6,0,0
BRDA:57,6,1,0
BRDA:57,6,2,0
BRDA:64,7,0,0
BRDA:64,7,1,0
BRDA:76,8,0,0
BRDA:76,8,1,0
BRF:19
BRH:0
end_of_record
TN:
SF:src\common\guards\role.guard.ts
FN:16,(anonymous_2)
FN:18,(anonymous_3)
FNF:2
FNH:0
FNDA:0,(anonymous_2)
FNDA:0,(anonymous_3)
DA:1,0
DA:7,0
DA:9,0
DA:11,0
DA:12,0
DA:15,0
DA:16,0
DA:19,0
DA:24,0
DA:25,0
DA:28,0
DA:29,0
DA:30,0
DA:32,0
DA:33,0
DA:36,0
LF:16
LH:0
BRDA:24,0,0,0
BRDA:24,0,1,0
BRDA:24,1,0,0
BRDA:24,1,1,0
BRDA:30,2,0,0
BRDA:30,2,1,0
BRDA:32,3,0,0
BRDA:32,3,1,0
BRDA:32,4,0,0
BRDA:32,4,1,0
BRF:10
BRH:0
end_of_record
TN:
SF:src\employees\employee.entity.ts
FNF:0
FNH:0
DA:1,0
DA:9,0
DA:11,0
DA:14,0
DA:17,0
DA:20,0
LF:6
LH:0
BRF:0
BRH:0
end_of_record
TN:
SF:src\hcm\hcm.service.ts
FN:36,(anonymous_3)
FN:44,(anonymous_4)
FN:64,(anonymous_5)
FN:94,(anonymous_6)
FN:99,(anonymous_7)
FN:102,(anonymous_8)
FN:106,(anonymous_9)
FNF:7
FNH:0
FNDA:0,(anonymous_3)
FNDA:0,(anonymous_4)
FNDA:0,(anonymous_5)
FNDA:0,(anonymous_6)
FNDA:0,(anonymous_7)
FNDA:0,(anonymous_8)
FNDA:0,(anonymous_9)
DA:1,3
DA:2,3
DA:3,3
DA:4,3
DA:5,3
DA:25,3
DA:26,3
DA:27,3
DA:28,3
DA:30,3
DA:31,3
DA:32,3
DA:35,3
DA:37,0
DA:38,0
DA:45,0
DA:46,0
DA:52,0
DA:54,0
DA:55,0
DA:57,0
DA:69,0
DA:71,0
DA:72,0
DA:78,0
DA:79,0
DA:80,0
DA:81,0
DA:83,0
DA:84,0
DA:87,0
DA:95,0
DA:99,0
DA:103,0
DA:107,0
LF:35
LH:13
BRDA:54,0,0,0
BRDA:54,0,1,0
BRDA:54,1,0,0
BRDA:54,1,1,0
BRDA:78,2,0,0
BRDA:78,2,1,0
BRDA:80,3,0,0
BRDA:80,3,1,0
BRDA:80,4,0,0
BRDA:80,4,1,0
BRDA:83,5,0,0
BRDA:83,5,1,0
BRDA:103,6,0,0
BRDA:103,6,1,0
BRDA:108,7,0,0
BRDA:108,7,1,0
BRF:16
BRH:0
end_of_record
TN:
SF:src\requests\requests.controller.ts
FN:26,(anonymous_4)
FN:29,(anonymous_5)
FN:34,(anonymous_6)
FN:40,(anonymous_7)
FN:52,(anonymous_8)
FN:63,(anonymous_9)
FNF:6
FNH:0
FNDA:0,(anonymous_4)
FNDA:0,(anonymous_5)
FNDA:0,(anonymous_6)
FNDA:0,(anonymous_7)
FNDA:0,(anonymous_8)
FNDA:0,(anonymous_9)
DA:1,0
DA:12,0
DA:13,0
DA:14,0
DA:16,0
DA:18,0
DA:19,0
DA:20,0
DA:21,0
DA:25,0
DA:26,0
DA:29,0
DA:30,0
DA:34,0
DA:35,0
DA:40,0
DA:44,0
DA:45,0
DA:47,0
DA:52,0
DA:56,0
DA:57,0
DA:59,0
DA:63,0
DA:67,0
DA:68,0
DA:70,0
LF:27
LH:0
BRDA:44,0,0,0
BRDA:44,0,1,0
BRDA:56,1,0,0
BRDA:56,1,1,0
BRDA:67,2,0,0
BRDA:67,2,1,0
BRF:6
BRH:0
end_of_record
TN:
SF:src\requests\requests.entity.ts
FN:9,(anonymous_2)
FNF:1
FNH:1
FNDA:1,(anonymous_2)
DA:1,1
DA:9,1
DA:10,1
DA:11,1
DA:12,1
DA:13,1
DA:17,1
DA:19,1
DA:22,1
DA:25,1
DA:28,1
DA:31,1
DA:34,1
DA:37,1
DA:40,1
LF:15
LH:15
BRDA:9,0,0,1
BRDA:9,0,1,1
BRF:2
BRH:2
end_of_record
TN:
SF:src\requests\requests.service.ts
FN:30,(anonymous_4)
FN:40,(anonymous_5)
FN:80,(anonymous_6)
FN:172,(anonymous_7)
FN:189,(anonymous_8)
FN:214,(anonymous_9)
FN:222,(anonymous_10)
FN:236,(anonymous_11)
FN:244,(anonymous_12)
FN:248,(anonymous_13)
FNF:10
FNH:10
FNDA:25,(anonymous_4)
FNDA:7,(anonymous_5)
FNDA:9,(anonymous_6)
FNDA:3,(anonymous_7)
FNDA:4,(anonymous_8)
FNDA:2,(anonymous_9)
FNDA:18,(anonymous_10)
FNDA:1,(anonymous_11)
FNDA:16,(anonymous_12)
FNDA:4,(anonymous_13)
DA:1,1
DA:10,1
DA:11,1
DA:13,1
DA:14,1
DA:16,1
DA:18,1
DA:19,1
DA:20,1
DA:21,1
DA:22,1
DA:23,1
DA:24,1
DA:26,1
DA:29,1
DA:32,25
DA:33,25
DA:34,25
DA:41,7
DA:42,7
DA:43,7
DA:45,2
DA:46,0
DA:49,7
DA:53,6
DA:57,4
DA:63,6
DA:64,1
DA:67,5
DA:74,5
DA:81,9
DA:82,9
DA:83,1
DA:85,8
DA:86,1
DA:90,7
DA:91,7
DA:92,7
DA:97,0
DA:98,0
DA:100,0
DA:104,0
DA:110,7
DA:111,7
DA:112,7
DA:117,7
DA:118,2
DA:123,2
DA:125,7
DA:126,1
DA:129,6
DA:136,5
DA:137,5
DA:143,4
DA:147,4
DA:150,4
DA:153,1
DA:156,2
DA:161,2
DA:164,3
DA:165,3
DA:166,3
DA:173,3
DA:174,3
DA:175,1
DA:177,2
DA:178,1
DA:181,1
DA:182,1
DA:183,1
DA:190,4
DA:191,4
DA:192,1
DA:194,3
DA:195,1
DA:197,2
DA:198,1
DA:201,1
DA:207,1
DA:208,1
DA:215,2
DA:216,2
DA:217,1
DA:219,1
DA:226,18
DA:227,18
DA:229,1
DA:230,1
DA:232,0
DA:237,1
DA:245,16
DA:249,4
LF:92
LH:86
BRDA:45,0,0,0
BRDA:45,0,1,2
BRDA:53,1,0,4
BRDA:53,1,1,2
BRDA:54,2,0,6
BRDA:54,2,1,5
BRDA:63,3,0,1
BRDA:63,3,1,5
BRDA:82,4,0,1
BRDA:82,4,1,8
BRDA:85,5,0,1
BRDA:85,5,1,7
BRDA:97,6,0,0
BRDA:97,6,1,0
BRDA:111,7,0,7
BRDA:111,7,1,0
BRDA:117,8,0,2
BRDA:117,8,1,5
BRDA:125,9,0,1
BRDA:125,9,1,6
BRDA:150,10,0,1
BRDA:150,10,1,3
BRDA:174,11,0,1
BRDA:174,11,1,2
BRDA:177,12,0,1
BRDA:177,12,1,1
BRDA:191,13,0,1
BRDA:191,13,1,3
BRDA:194,14,0,1
BRDA:194,14,1,2
BRDA:197,15,0,1
BRDA:197,15,1,1
BRDA:216,16,0,1
BRDA:216,16,1,1
BRDA:229,17,0,1
BRDA:229,17,1,0
BRDA:238,18,0,1
BRDA:238,18,1,0
BRDA:238,18,2,0
BRF:39
BRH:32
end_of_record
TN:
SF:src\requests\dto\create-request.dto.ts
FN:13,(anonymous_2)
FNF:1
FNH:0
FNDA:0,(anonymous_2)
DA:1,0
DA:2,0
DA:4,0
DA:7,0
DA:11,0
DA:13,0
DA:16,0
LF:7
LH:0
BRF:0
BRH:0
end_of_record
TN:
SF:src\requests\dto\request-response.dto.ts
FNF:0
FNH:0
DA:3,0
LF:1
LH:0
BRF:0
BRH:0
end_of_record
TN:
SF:src\sync\sync-log.entity.ts
FN:3,(anonymous_2)
FNF:1
FNH:1
FNDA:1,(anonymous_2)
DA:1,1
DA:3,1
DA:4,1
DA:5,1
DA:9,1
DA:11,1
DA:14,1
DA:17,1
DA:20,1
DA:23,1
LF:10
LH:10
BRDA:3,0,0,1
BRDA:3,0,1,1
BRF:2
BRH:2
end_of_record
TN:
SF:src\sync\sync.controller.ts
FN:8,(anonymous_4)
FN:12,(anonymous_5)
FN:21,(anonymous_6)
FNF:3
FNH:0
FNDA:0,(anonymous_4)
FNDA:0,(anonymous_5)
FNDA:0,(anonymous_6)
DA:1,0
DA:3,0
DA:4,0
DA:7,0
DA:8,0
DA:12,0
DA:16,0
DA:21,0
DA:22,0
LF:9
LH:0
BRF:0
BRH:0
end_of_record
TN:
SF:src\sync\sync.service.ts
FN:12,(anonymous_4)
FN:22,(anonymous_5)
FN:55,(anonymous_6)
FNF:3
FNH:3
FNDA:8,(anonymous_4)
FNDA:6,(anonymous_5)
FNDA:3,(anonymous_6)
DA:1,1
DA:2,1
DA:3,1
DA:5,1
DA:6,1
DA:8,1
DA:11,1
DA:14,8
DA:15,8
DA:16,8
DA:25,6
DA:26,6
DA:28,6
DA:29,12
DA:30,12
DA:35,11
DA:37,1
DA:41,6
DA:47,6
DA:49,6
DA:56,3
DA:61,3
DA:69,3
LF:23
LH:23
BRF:0
BRH:0
end_of_record
TN:
SF:src\sync\dto\batch-sync.dto.ts
FN:13,(anonymous_2)
FNF:1
FNH:0
FNDA:0,(anonymous_2)
DA:1,0
DA:2,0
DA:4,0
DA:7,0
DA:11,0
DA:13,0
DA:16,0
DA:19,0
DA:22,0
DA:26,0
LF:10
LH:0
BRF:0
BRH:0
end_of_record
